<?xml version="1.0" encoding="UTF-8" ?>
<testsuite errors="0" skipped="0" tests="1" time="0.437" failures="0" name="com.yuqi.base.integration.dao.HibernateMappingTest">
  <properties>
    <property value="Java(TM) 2 Runtime Environment, Standard Edition" name="java.runtime.name"/>
    <property value="D:\work\Java\jdk1.5.0\jre\bin" name="sun.boot.library.path"/>
    <property value="1.5.0-b64" name="java.vm.version"/>
    <property value="Sun Microsystems Inc." name="java.vm.vendor"/>
    <property value="http://java.sun.com/" name="java.vendor.url"/>
    <property value=";" name="path.separator"/>
    <property value="Java HotSpot(TM) Client VM" name="java.vm.name"/>
    <property value="sun.io" name="file.encoding.pkg"/>
    <property value="CN" name="user.country"/>
    <property value="Service Pack 2" name="sun.os.patch.level"/>
    <property value="Java Virtual Machine Specification" name="java.vm.specification.name"/>
    <property value="E:\workspace\jee351\yuqiapp" name="user.dir"/>
    <property value="1.5.0-b64" name="java.runtime.version"/>
    <property value="sun.awt.Win32GraphicsEnvironment" name="java.awt.graphicsenv"/>
    <property value="E:\workspace\jee351\yuqiapp" name="basedir"/>
    <property value="D:\work\Java\jdk1.5.0\jre\lib\endorsed" name="java.endorsed.dirs"/>
    <property value="x86" name="os.arch"/>
    <property value="C:\DOCUME~1\ADMINI~1\LOCALS~1\Temp\surefirebooter2203.jar" name="surefire.real.class.path"/>
    <property value="C:\DOCUME~1\ADMINI~1\LOCALS~1\Temp\" name="java.io.tmpdir"/>
    <property value="
" name="line.separator"/>
    <property value="Sun Microsystems Inc." name="java.vm.specification.vendor"/>
    <property value="" name="user.variant"/>
    <property value="Windows XP" name="os.name"/>
    <property value="GBK" name="sun.jnu.encoding"/>
    <property value="D:\work\Java\jdk1.5.0\jre\bin;.;C:\WINDOWS\system32;C:\WINDOWS;C:\WINDOWS\system32;C:\WINDOWS;C:\WINDOWS\System32\Wbem;e:\springside-3.2.1\tools\maven\apache-maven-2.2.1\bin;D:\Program Files\TortoiseSVN\bin;D:\work\php;E:\apache-ant-1.8.0RC1\bin;d:\Program Files\SSH Communications Security\SSH Secure Shell;d:\Program Files\StormII\Codec;d:\Program Files\StormII" name="java.library.path"/>
    <property value="E:\workspace\jee351\yuqiapp\target\test-classes;E:\workspace\jee351\yuqiapp\webapp\WEB-INF\classes;C:\Documents and Settings\Administrator\.m2\repository\org\springside\springside3-core\3.2.0\springside3-core-3.2.0.jar;C:\Documents and Settings\Administrator\.m2\repository\joda-time\joda-time\1.6\joda-time-1.6.jar;C:\Documents and Settings\Administrator\.m2\repository\org\springframework\spring-aop\2.5.6\spring-aop-2.5.6.jar;C:\Documents and Settings\Administrator\.m2\repository\aopalliance\aopalliance\1.0\aopalliance-1.0.jar;C:\Documents and Settings\Administrator\.m2\repository\commons-logging\commons-logging\1.1.1\commons-logging-1.1.1.jar;C:\Documents and Settings\Administrator\.m2\repository\org\springframework\spring-beans\2.5.6\spring-beans-2.5.6.jar;C:\Documents and Settings\Administrator\.m2\repository\org\springframework\spring-core\2.5.6\spring-core-2.5.6.jar;C:\Documents and Settings\Administrator\.m2\repository\org\aspectj\aspectjweaver\1.6.6\aspectjweaver-1.6.6.jar;C:\Documents and Settings\Administrator\.m2\repository\cglib\cglib-nodep\2.2\cglib-nodep-2.2.jar;C:\Documents and Settings\Administrator\.m2\repository\javax\annotation\jsr250-api\1.0\jsr250-api-1.0.jar;C:\Documents and Settings\Administrator\.m2\repository\org\hibernate\hibernate-core\3.3.2.GA\hibernate-core-3.3.2.GA.jar;C:\Documents and Settings\Administrator\.m2\repository\antlr\antlr\2.7.6\antlr-2.7.6.jar;C:\Documents and Settings\Administrator\.m2\repository\commons-collections\commons-collections\3.2.1\commons-collections-3.2.1.jar;C:\Documents and Settings\Administrator\.m2\repository\dom4j\dom4j\1.6.1\dom4j-1.6.1.jar;C:\Documents and Settings\Administrator\.m2\repository\xml-apis\xml-apis\1.0.b2\xml-apis-1.0.b2.jar;C:\Documents and Settings\Administrator\.m2\repository\javax\transaction\jta\1.1\jta-1.1.jar;C:\Documents and Settings\Administrator\.m2\repository\org\slf4j\slf4j-api\1.5.8\slf4j-api-1.5.8.jar;C:\Documents and Settings\Administrator\.m2\repository\org\hibernate\hibernate-annotations\3.4.0.GA\hibernate-annotations-3.4.0.GA.jar;C:\Documents and Settings\Administrator\.m2\repository\org\hibernate\ejb3-persistence\1.0.2.GA\ejb3-persistence-1.0.2.GA.jar;C:\Documents and Settings\Administrator\.m2\repository\org\hibernate\hibernate-commons-annotations\3.1.0.GA\hibernate-commons-annotations-3.1.0.GA.jar;C:\Documents and Settings\Administrator\.m2\repository\org\hibernate\hibernate-ehcache\3.3.2.GA\hibernate-ehcache-3.3.2.GA.jar;C:\Documents and Settings\Administrator\.m2\repository\net\sf\ehcache\ehcache\1.6.2\ehcache-1.6.2.jar;C:\Documents and Settings\Administrator\.m2\repository\javassist\javassist\3.11.0.GA\javassist-3.11.0.GA.jar;C:\Documents and Settings\Administrator\.m2\repository\org\springframework\spring-orm\2.5.6\spring-orm-2.5.6.jar;C:\Documents and Settings\Administrator\.m2\repository\org\springframework\spring-context\2.5.6\spring-context-2.5.6.jar;C:\Documents and Settings\Administrator\.m2\repository\org\springframework\spring-tx\2.5.6\spring-tx-2.5.6.jar;C:\Documents and Settings\Administrator\.m2\repository\org\springframework\spring-jdbc\2.5.6\spring-jdbc-2.5.6.jar;C:\Documents and Settings\Administrator\.m2\repository\commons-dbcp\commons-dbcp\1.2.2\commons-dbcp-1.2.2.jar;C:\Documents and Settings\Administrator\.m2\repository\commons-pool\commons-pool\1.3\commons-pool-1.3.jar;C:\Documents and Settings\Administrator\.m2\repository\mysql\mysql-connector-java\5.1.6\mysql-connector-java-5.1.6.jar;C:\Documents and Settings\Administrator\.m2\repository\org\apache\struts\struts2-core\2.1.8\struts2-core-2.1.8.jar;C:\Documents and Settings\Administrator\.m2\repository\com\opensymphony\xwork-core\2.1.6\xwork-core-2.1.6.jar;C:\Documents and Settings\Administrator\.m2\repository\org\springframework\spring-test\2.5.6\spring-test-2.5.6.jar;C:\Documents and Settings\Administrator\.m2\repository\junit\junit\4.4\junit-4.4.jar;C:\Documents and Settings\Administrator\.m2\repository\ognl\ognl\2.7.3\ognl-2.7.3.jar;C:\Documents and Settings\Administrator\.m2\repository\org\freemarker\freemarker\2.3.15\freemarker-2.3.15.jar;C:\Documents and Settings\Administrator\.m2\repository\commons-fileupload\commons-fileupload\1.2.1\commons-fileupload-1.2.1.jar;C:\Documents and Settings\Administrator\.m2\repository\commons-io\commons-io\1.4\commons-io-1.4.jar;C:\Documents and Settings\Administrator\.m2\repository\org\apache\struts\struts2-convention-plugin\2.1.8\struts2-convention-plugin-2.1.8.jar;C:\Documents and Settings\Administrator\.m2\repository\org\apache\struts\struts2-spring-plugin\2.1.8\struts2-spring-plugin-2.1.8.jar;C:\Documents and Settings\Administrator\.m2\repository\org\springframework\spring-web\2.5.6\spring-web-2.5.6.jar;C:\Documents and Settings\Administrator\.m2\repository\org\springframework\spring-webmvc\2.5.6\spring-webmvc-2.5.6.jar;C:\Documents and Settings\Administrator\.m2\repository\org\springframework\spring-context-support\2.5.6\spring-context-support-2.5.6.jar;C:\Documents and Settings\Administrator\.m2\repository\javax\servlet\servlet-api\2.4\servlet-api-2.4.jar;C:\Documents and Settings\Administrator\.m2\repository\javax\servlet\jsp\jsp-api\2.0\jsp-api-2.0.jar;C:\Documents and Settings\Administrator\.m2\repository\taglibs\standard\1.1.2\standard-1.1.2.jar;C:\Documents and Settings\Administrator\.m2\repository\javax\servlet\jstl\1.1.2\jstl-1.1.2.jar;C:\Documents and Settings\Administrator\.m2\repository\org\springframework\security\spring-security-core-tiger\2.0.5.RELEASE\spring-security-core-tiger-2.0.5.RELEASE.jar;C:\Documents and Settings\Administrator\.m2\repository\org\springframework\security\spring-security-core\2.0.5.RELEASE\spring-security-core-2.0.5.RELEASE.jar;C:\Documents and Settings\Administrator\.m2\repository\commons-codec\commons-codec\1.4\commons-codec-1.4.jar;C:\Documents and Settings\Administrator\.m2\repository\org\springframework\security\spring-security-taglibs\2.0.5.RELEASE\spring-security-taglibs-2.0.5.RELEASE.jar;C:\Documents and Settings\Administrator\.m2\repository\org\springframework\security\spring-security-acl\2.0.5.RELEASE\spring-security-acl-2.0.5.RELEASE.jar;C:\Documents and Settings\Administrator\.m2\repository\org\slf4j\slf4j-log4j12\1.5.8\slf4j-log4j12-1.5.8.jar;C:\Documents and Settings\Administrator\.m2\repository\log4j\log4j\1.2.15\log4j-1.2.15.jar;C:\Documents and Settings\Administrator\.m2\repository\net\sf\ehcache\ehcache-jgroupsreplication\1.3\ehcache-jgroupsreplication-1.3.jar;C:\Documents and Settings\Administrator\.m2\repository\jgroups\jgroups\2.6.8.GA\jgroups-2.6.8.GA.jar;C:\Documents and Settings\Administrator\.m2\repository\commons-lang\commons-lang\2.4\commons-lang-2.4.jar;C:\Documents and Settings\Administrator\.m2\repository\commons-beanutils\commons-beanutils\1.8.1\commons-beanutils-1.8.1.jar;C:\Documents and Settings\Administrator\.m2\repository\org\easymock\easymockclassextension\2.4\easymockclassextension-2.4.jar;C:\Documents and Settings\Administrator\.m2\repository\org\easymock\easymock\2.5.2\easymock-2.5.2.jar;C:\Documents and Settings\Administrator\.m2\repository\org\seleniumhq\selenium\client-drivers\selenium-java-client-driver\1.0.1\selenium-java-client-driver-1.0.1.jar;C:\Documents and Settings\Administrator\.m2\repository\org\unitils\unitils\2.4\unitils-2.4.jar;C:\Documents and Settings\Administrator\.m2\repository\org\hibernate\hibernate-tools\3.2.4.GA\hibernate-tools-3.2.4.GA.jar;C:\Documents and Settings\Administrator\.m2\repository\org\beanshell\bsh\2.0b4\bsh-2.0b4.jar;C:\Documents and Settings\Administrator\.m2\repository\org\hibernate\jtidy\r8-20060801\jtidy-r8-20060801.jar;" name="surefire.test.class.path"/>
    <property value="Java Platform API Specification" name="java.specification.name"/>
    <property value="49.0" name="java.class.version"/>
    <property value="HotSpot Client Compiler" name="sun.management.compiler"/>
    <property value="5.1" name="os.version"/>
    <property value="C:\Documents and Settings\Administrator" name="user.home"/>
    <property value="GMT+08:00" name="user.timezone"/>
    <property value="sun.awt.windows.WPrinterJob" name="java.awt.printerjob"/>
    <property value="GBK" name="file.encoding"/>
    <property value="1.5" name="java.specification.version"/>
    <property value="Administrator" name="user.name"/>
    <property value="E:\workspace\jee351\yuqiapp\target\test-classes;E:\workspace\jee351\yuqiapp\webapp\WEB-INF\classes;C:\Documents and Settings\Administrator\.m2\repository\org\springside\springside3-core\3.2.0\springside3-core-3.2.0.jar;C:\Documents and Settings\Administrator\.m2\repository\joda-time\joda-time\1.6\joda-time-1.6.jar;C:\Documents and Settings\Administrator\.m2\repository\org\springframework\spring-aop\2.5.6\spring-aop-2.5.6.jar;C:\Documents and Settings\Administrator\.m2\repository\aopalliance\aopalliance\1.0\aopalliance-1.0.jar;C:\Documents and Settings\Administrator\.m2\repository\commons-logging\commons-logging\1.1.1\commons-logging-1.1.1.jar;C:\Documents and Settings\Administrator\.m2\repository\org\springframework\spring-beans\2.5.6\spring-beans-2.5.6.jar;C:\Documents and Settings\Administrator\.m2\repository\org\springframework\spring-core\2.5.6\spring-core-2.5.6.jar;C:\Documents and Settings\Administrator\.m2\repository\org\aspectj\aspectjweaver\1.6.6\aspectjweaver-1.6.6.jar;C:\Documents and Settings\Administrator\.m2\repository\cglib\cglib-nodep\2.2\cglib-nodep-2.2.jar;C:\Documents and Settings\Administrator\.m2\repository\javax\annotation\jsr250-api\1.0\jsr250-api-1.0.jar;C:\Documents and Settings\Administrator\.m2\repository\org\hibernate\hibernate-core\3.3.2.GA\hibernate-core-3.3.2.GA.jar;C:\Documents and Settings\Administrator\.m2\repository\antlr\antlr\2.7.6\antlr-2.7.6.jar;C:\Documents and Settings\Administrator\.m2\repository\commons-collections\commons-collections\3.2.1\commons-collections-3.2.1.jar;C:\Documents and Settings\Administrator\.m2\repository\dom4j\dom4j\1.6.1\dom4j-1.6.1.jar;C:\Documents and Settings\Administrator\.m2\repository\xml-apis\xml-apis\1.0.b2\xml-apis-1.0.b2.jar;C:\Documents and Settings\Administrator\.m2\repository\javax\transaction\jta\1.1\jta-1.1.jar;C:\Documents and Settings\Administrator\.m2\repository\org\slf4j\slf4j-api\1.5.8\slf4j-api-1.5.8.jar;C:\Documents and Settings\Administrator\.m2\repository\org\hibernate\hibernate-annotations\3.4.0.GA\hibernate-annotations-3.4.0.GA.jar;C:\Documents and Settings\Administrator\.m2\repository\org\hibernate\ejb3-persistence\1.0.2.GA\ejb3-persistence-1.0.2.GA.jar;C:\Documents and Settings\Administrator\.m2\repository\org\hibernate\hibernate-commons-annotations\3.1.0.GA\hibernate-commons-annotations-3.1.0.GA.jar;C:\Documents and Settings\Administrator\.m2\repository\org\hibernate\hibernate-ehcache\3.3.2.GA\hibernate-ehcache-3.3.2.GA.jar;C:\Documents and Settings\Administrator\.m2\repository\net\sf\ehcache\ehcache\1.6.2\ehcache-1.6.2.jar;C:\Documents and Settings\Administrator\.m2\repository\javassist\javassist\3.11.0.GA\javassist-3.11.0.GA.jar;C:\Documents and Settings\Administrator\.m2\repository\org\springframework\spring-orm\2.5.6\spring-orm-2.5.6.jar;C:\Documents and Settings\Administrator\.m2\repository\org\springframework\spring-context\2.5.6\spring-context-2.5.6.jar;C:\Documents and Settings\Administrator\.m2\repository\org\springframework\spring-tx\2.5.6\spring-tx-2.5.6.jar;C:\Documents and Settings\Administrator\.m2\repository\org\springframework\spring-jdbc\2.5.6\spring-jdbc-2.5.6.jar;C:\Documents and Settings\Administrator\.m2\repository\commons-dbcp\commons-dbcp\1.2.2\commons-dbcp-1.2.2.jar;C:\Documents and Settings\Administrator\.m2\repository\commons-pool\commons-pool\1.3\commons-pool-1.3.jar;C:\Documents and Settings\Administrator\.m2\repository\mysql\mysql-connector-java\5.1.6\mysql-connector-java-5.1.6.jar;C:\Documents and Settings\Administrator\.m2\repository\org\apache\struts\struts2-core\2.1.8\struts2-core-2.1.8.jar;C:\Documents and Settings\Administrator\.m2\repository\com\opensymphony\xwork-core\2.1.6\xwork-core-2.1.6.jar;C:\Documents and Settings\Administrator\.m2\repository\org\springframework\spring-test\2.5.6\spring-test-2.5.6.jar;C:\Documents and Settings\Administrator\.m2\repository\junit\junit\4.4\junit-4.4.jar;C:\Documents and Settings\Administrator\.m2\repository\ognl\ognl\2.7.3\ognl-2.7.3.jar;C:\Documents and Settings\Administrator\.m2\repository\org\freemarker\freemarker\2.3.15\freemarker-2.3.15.jar;C:\Documents and Settings\Administrator\.m2\repository\commons-fileupload\commons-fileupload\1.2.1\commons-fileupload-1.2.1.jar;C:\Documents and Settings\Administrator\.m2\repository\commons-io\commons-io\1.4\commons-io-1.4.jar;C:\Documents and Settings\Administrator\.m2\repository\org\apache\struts\struts2-convention-plugin\2.1.8\struts2-convention-plugin-2.1.8.jar;C:\Documents and Settings\Administrator\.m2\repository\org\apache\struts\struts2-spring-plugin\2.1.8\struts2-spring-plugin-2.1.8.jar;C:\Documents and Settings\Administrator\.m2\repository\org\springframework\spring-web\2.5.6\spring-web-2.5.6.jar;C:\Documents and Settings\Administrator\.m2\repository\org\springframework\spring-webmvc\2.5.6\spring-webmvc-2.5.6.jar;C:\Documents and Settings\Administrator\.m2\repository\org\springframework\spring-context-support\2.5.6\spring-context-support-2.5.6.jar;C:\Documents and Settings\Administrator\.m2\repository\javax\servlet\servlet-api\2.4\servlet-api-2.4.jar;C:\Documents and Settings\Administrator\.m2\repository\javax\servlet\jsp\jsp-api\2.0\jsp-api-2.0.jar;C:\Documents and Settings\Administrator\.m2\repository\taglibs\standard\1.1.2\standard-1.1.2.jar;C:\Documents and Settings\Administrator\.m2\repository\javax\servlet\jstl\1.1.2\jstl-1.1.2.jar;C:\Documents and Settings\Administrator\.m2\repository\org\springframework\security\spring-security-core-tiger\2.0.5.RELEASE\spring-security-core-tiger-2.0.5.RELEASE.jar;C:\Documents and Settings\Administrator\.m2\repository\org\springframework\security\spring-security-core\2.0.5.RELEASE\spring-security-core-2.0.5.RELEASE.jar;C:\Documents and Settings\Administrator\.m2\repository\commons-codec\commons-codec\1.4\commons-codec-1.4.jar;C:\Documents and Settings\Administrator\.m2\repository\org\springframework\security\spring-security-taglibs\2.0.5.RELEASE\spring-security-taglibs-2.0.5.RELEASE.jar;C:\Documents and Settings\Administrator\.m2\repository\org\springframework\security\spring-security-acl\2.0.5.RELEASE\spring-security-acl-2.0.5.RELEASE.jar;C:\Documents and Settings\Administrator\.m2\repository\org\slf4j\slf4j-log4j12\1.5.8\slf4j-log4j12-1.5.8.jar;C:\Documents and Settings\Administrator\.m2\repository\log4j\log4j\1.2.15\log4j-1.2.15.jar;C:\Documents and Settings\Administrator\.m2\repository\net\sf\ehcache\ehcache-jgroupsreplication\1.3\ehcache-jgroupsreplication-1.3.jar;C:\Documents and Settings\Administrator\.m2\repository\jgroups\jgroups\2.6.8.GA\jgroups-2.6.8.GA.jar;C:\Documents and Settings\Administrator\.m2\repository\commons-lang\commons-lang\2.4\commons-lang-2.4.jar;C:\Documents and Settings\Administrator\.m2\repository\commons-beanutils\commons-beanutils\1.8.1\commons-beanutils-1.8.1.jar;C:\Documents and Settings\Administrator\.m2\repository\org\easymock\easymockclassextension\2.4\easymockclassextension-2.4.jar;C:\Documents and Settings\Administrator\.m2\repository\org\easymock\easymock\2.5.2\easymock-2.5.2.jar;C:\Documents and Settings\Administrator\.m2\repository\org\seleniumhq\selenium\client-drivers\selenium-java-client-driver\1.0.1\selenium-java-client-driver-1.0.1.jar;C:\Documents and Settings\Administrator\.m2\repository\org\unitils\unitils\2.4\unitils-2.4.jar;C:\Documents and Settings\Administrator\.m2\repository\org\hibernate\hibernate-tools\3.2.4.GA\hibernate-tools-3.2.4.GA.jar;C:\Documents and Settings\Administrator\.m2\repository\org\beanshell\bsh\2.0b4\bsh-2.0b4.jar;C:\Documents and Settings\Administrator\.m2\repository\org\hibernate\jtidy\r8-20060801\jtidy-r8-20060801.jar;" name="java.class.path"/>
    <property value="1.0" name="java.vm.specification.version"/>
    <property value="32" name="sun.arch.data.model"/>
    <property value="D:\work\Java\jdk1.5.0\jre" name="java.home"/>
    <property value="Sun Microsystems Inc." name="java.specification.vendor"/>
    <property value="zh" name="user.language"/>
    <property value="sun.awt.windows.WToolkit" name="awt.toolkit"/>
    <property value="mixed mode, sharing" name="java.vm.info"/>
    <property value="1.5.0" name="java.version"/>
    <property value="D:\work\Java\jdk1.5.0\jre\lib\ext" name="java.ext.dirs"/>
    <property value="D:\work\Java\jdk1.5.0\jre\lib\rt.jar;D:\work\Java\jdk1.5.0\jre\lib\i18n.jar;D:\work\Java\jdk1.5.0\jre\lib\sunrsasign.jar;D:\work\Java\jdk1.5.0\jre\lib\jsse.jar;D:\work\Java\jdk1.5.0\jre\lib\jce.jar;D:\work\Java\jdk1.5.0\jre\lib\charsets.jar;D:\work\Java\jdk1.5.0\jre\classes" name="sun.boot.class.path"/>
    <property value="Sun Microsystems Inc." name="java.vendor"/>
    <property value="C:\Documents and Settings\Administrator\.m2\repository" name="localRepository"/>
    <property value="\" name="file.separator"/>
    <property value="http://java.sun.com/cgi-bin/bugreport.cgi" name="java.vendor.url.bug"/>
    <property value="little" name="sun.cpu.endian"/>
    <property value="UnicodeLittle" name="sun.io.unicode.encoding"/>
    <property value="windows" name="sun.desktop"/>
    <property value="" name="sun.cpu.isalist"/>
  </properties>
  <testcase classname="com.yuqi.base.integration.dao.HibernateMappingTest" time="0.265" name="testColumnMapping"/>
</testsuite>